#
# There is insufficient memory for the Java Runtime Environment to continue.
# Native memory allocation (malloc) failed to allocate 46656 bytes for Chunk::new
# Possible reasons:
#   The system is out of physical RAM or swap space
#   The process is running with CompressedOops enabled, and the Java Heap may be blocking the growth of the native heap
# Possible solutions:
#   Reduce memory load on the system
#   Increase physical memory or swap space
#   Check if swap backing store is full
#   Decrease Java heap size (-Xmx/-Xms)
#   Decrease number of Java threads
#   Decrease Java thread stack sizes (-Xss)
#   Set larger code cache with -XX:ReservedCodeCacheSize=
#   JVM is running with Unscaled Compressed Oops mode in which the Java heap is
#     placed in the first 4GB address space. The Java Heap base address is the
#     maximum limit for the native heap growth. Please use -XX:HeapBaseMinAddress
#     to set the Java Heap base and to place the Java Heap above 4GB virtual address.
# This output file may be truncated or incomplete.
#
#  Out of Memory Error (./src/hotspot/share/memory/arena.cpp:197), pid=4596, tid=14684
#
# JRE version: OpenJDK Runtime Environment Corretto-11.0.18.10.1 (11.0.18+10) (build 11.0.18+10-LTS)
# Java VM: OpenJDK 64-Bit Server VM Corretto-11.0.18.10.1 (11.0.18+10-LTS, mixed mode, tiered, compressed oops, g1 gc, windows-amd64)
# No core dump will be written. Minidumps are not enabled by default on client versions of Windows
#

---------------  S U M M A R Y ------------

Command Line: -Dmaven.multiModuleProjectDirectory=C:\Users\Admin\javaqa\HW_INHERIT -Djansi.passthrough=true -Dmaven.home=C:\Program Files\JetBrains\IntelliJ IDEA Community Edition 2022.3.2\plugins\maven\lib\maven3 -Dclassworlds.conf=C:\Program Files\JetBrains\IntelliJ IDEA Community Edition 2022.3.2\plugins\maven\lib\maven3\bin\m2.conf -Dmaven.ext.class.path=C:\Program Files\JetBrains\IntelliJ IDEA Community Edition 2022.3.2\plugins\maven\lib\maven-event-listener.jar -javaagent:C:\Program Files\JetBrains\IntelliJ IDEA Community Edition 2022.3.2\lib\idea_rt.jar=50436:C:\Program Files\JetBrains\IntelliJ IDEA Community Edition 2022.3.2\bin -Dfile.encoding=UTF-8 org.codehaus.classworlds.Launcher -Didea.version=2022.3.2 clean verify

Host: 11th Gen Intel(R) Core(TM) i5-1135G7 @ 2.40GHz, 4 cores, 7G,  Windows 10 , 64 bit Build 19041 (10.0.19041.3636)
Time: Mon Nov 20 12:21:54 2023 Russia TZ 2 Standard Time elapsed time: 4.235857 seconds (0d 0h 0m 4s)

---------------  T H R E A D  ---------------

Current thread (0x0000020724226000):  JavaThread "C2 CompilerThread1" daemon [_thread_in_native, id=14684, stack(0x000000baf3300000,0x000000baf3400000)]


Current CompileTask:
C2:   4235 5418       4       java.io.File::isInvalid (47 bytes)

Stack: [0x000000baf3300000,0x000000baf3400000]
Native frames: (J=compiled Java code, j=interpreted, Vv=VM code, C=native code)
V  [jvm.dll+0x622d9a]
V  [jvm.dll+0x7b0289]
V  [jvm.dll+0x7b1978]
V  [jvm.dll+0x7b2053]
V  [jvm.dll+0x24fe08]
V  [jvm.dll+0xc264c]
V  [jvm.dll+0xc2c0c]
V  [jvm.dll+0x2c3d84]
V  [jvm.dll+0x53197c]
V  [jvm.dll+0x208b36]
V  [msvcrt.dll+0x20aaf5]
V  [jvm.dll+0x2082fb]
V  [jvm.dll+0x18a3c1]
V  [jvm.dll+0x217ac4]
V  [jvm.dll+0x215d0b]
V  [jvm.dll+0x772d90]
V  [jvm.dll+0x76bcc4]
V  [jvm.dll+0x621c05]
C  [ucrtbase.dll+0x21bb2]
C  [KERNEL32.DLL+0x17344]
C  [ntdll.dll+0x526b1]


---------------  P R O C E S S  ---------------

Threads class SMR info:
_java_thread_list=0x00000207265010a0, length=23, elements={
0x000002070210c800, 0x00000207226b1000, 0x00000207226b2000, 0x00000207226cf000,
0x00000207226d1800, 0x00000207226d9800, 0x00000207226d8000, 0x00000207226db800,
0x00000207226fd800, 0x0000020722646000, 0x000002072340f800, 0x0000020724226000,
0x0000020724d3e000, 0x0000020724d72000, 0x0000020726fbd000, 0x000002072708d800,
0x0000020727143800, 0x0000020726890800, 0x00000207276e2000, 0x0000020724dc2000,
0x0000020727353800, 0x0000020727446800, 0x000002072744b000
}

Java Threads: ( => current thread )
  0x000002070210c800 JavaThread "main" [_thread_in_native, id=12268, stack(0x000000baf2000000,0x000000baf2100000)]
  0x00000207226b1000 JavaThread "Reference Handler" daemon [_thread_blocked, id=4228, stack(0x000000baf2700000,0x000000baf2800000)]
  0x00000207226b2000 JavaThread "Finalizer" daemon [_thread_blocked, id=2064, stack(0x000000baf2800000,0x000000baf2900000)]
  0x00000207226cf000 JavaThread "Signal Dispatcher" daemon [_thread_blocked, id=416, stack(0x000000baf2900000,0x000000baf2a00000)]
  0x00000207226d1800 JavaThread "Attach Listener" daemon [_thread_blocked, id=14384, stack(0x000000baf2a00000,0x000000baf2b00000)]
  0x00000207226d9800 JavaThread "Service Thread" daemon [_thread_blocked, id=9940, stack(0x000000baf2b00000,0x000000baf2c00000)]
  0x00000207226d8000 JavaThread "C2 CompilerThread0" daemon [_thread_blocked, id=1868, stack(0x000000baf2c00000,0x000000baf2d00000)]
  0x00000207226db800 JavaThread "C1 CompilerThread0" daemon [_thread_blocked, id=10604, stack(0x000000baf2d00000,0x000000baf2e00000)]
  0x00000207226fd800 JavaThread "Sweeper thread" daemon [_thread_blocked, id=13432, stack(0x000000baf2e00000,0x000000baf2f00000)]
  0x0000020722646000 JavaThread "Common-Cleaner" daemon [_thread_blocked, id=8244, stack(0x000000baf2f00000,0x000000baf3000000)]
  0x000002072340f800 JavaThread "Monitor Ctrl-Break" daemon [_thread_in_native, id=11872, stack(0x000000baf3100000,0x000000baf3200000)]
=>0x0000020724226000 JavaThread "C2 CompilerThread1" daemon [_thread_in_native, id=14684, stack(0x000000baf3300000,0x000000baf3400000)]
  0x0000020724d3e000 JavaThread "resolver-1" daemon [_thread_blocked, id=13812, stack(0x000000baf3400000,0x000000baf3500000)]
  0x0000020724d72000 JavaThread "resolver-2" daemon [_thread_blocked, id=11272, stack(0x000000baf3600000,0x000000baf3700000)]
  0x0000020726fbd000 JavaThread "resolver-3" daemon [_thread_blocked, id=5572, stack(0x000000baf3700000,0x000000baf3800000)]
  0x000002072708d800 JavaThread "resolver-4" daemon [_thread_blocked, id=14072, stack(0x000000baf3800000,0x000000baf3900000)]
  0x0000020727143800 JavaThread "resolver-5" daemon [_thread_blocked, id=3956, stack(0x000000baf3900000,0x000000baf3a00000)]
  0x0000020726890800 JavaThread "timeout-check-timer" daemon [_thread_blocked, id=8312, stack(0x000000baf3a00000,0x000000baf3b00000)]
  0x00000207276e2000 JavaThread "ping-timer-10s" daemon [_thread_blocked, id=7652, stack(0x000000baf3b00000,0x000000baf3c00000)]
  0x0000020724dc2000 JavaThread "ThreadedStreamConsumer" daemon [_thread_blocked, id=11892, stack(0x000000baf3c00000,0x000000baf3d00000)]
  0x0000020727353800 JavaThread "Thread-2" [_thread_blocked, id=10944, stack(0x000000baf3d00000,0x000000baf3e00000)]
  0x0000020727446800 JavaThread "Thread-3" [_thread_in_native, id=13040, stack(0x000000baf3e00000,0x000000baf3f00000)]
  0x000002072744b000 JavaThread "Thread-4" [_thread_in_native, id=1520, stack(0x000000baf3f00000,0x000000baf4000000)]

Other Threads:
  0x000002072268b000 VMThread "VM Thread" [stack: 0x000000baf2600000,0x000000baf2700000] [id=14500]
  0x000002072342e800 WatcherThread [stack: 0x000000baf3200000,0x000000baf3300000] [id=10356]
  0x0000020702124000 GCTaskThread "GC Thread#0" [stack: 0x000000baf2100000,0x000000baf2200000] [id=12516]
  0x0000020723907800 GCTaskThread "GC Thread#1" [stack: 0x000000baf3000000,0x000000baf3100000] [id=11080]
  0x00000207268a6000 GCTaskThread "GC Thread#2" [stack: 0x000000baf3500000,0x000000baf3600000] [id=4048]
  0x0000020702153000 ConcurrentGCThread "G1 Main Marker" [stack: 0x000000baf2200000,0x000000baf2300000] [id=12932]
  0x0000020702156800 ConcurrentGCThread "G1 Conc#0" [stack: 0x000000baf2300000,0x000000baf2400000] [id=10168]
  0x00000207021d5800 ConcurrentGCThread "G1 Refine#0" [stack: 0x000000baf2400000,0x000000baf2500000] [id=14004]
  0x00000207021d6800 ConcurrentGCThread "G1 Young RemSet Sampling" [stack: 0x000000baf2500000,0x000000baf2600000] [id=7124]

Threads with active compile tasks:
C2 CompilerThread1     4245 5418       4       java.io.File::isInvalid (47 bytes)

VM state:not at safepoint (normal execution)

VM Mutex/Monitor currently owned by a thread: None

Heap address: 0x0000000084200000, size: 1982 MB, Compressed Oops mode: 32-bit
Narrow klass base: 0x0000000000000000, Narrow klass shift: 3
Compressed class space size: 1073741824 Address: 0x0000000100000000

Heap:
 garbage-first heap   total 152576K, used 21343K [0x0000000084200000, 0x0000000100000000)
  region size 1024K, 12 young (12288K), 6 survivors (6144K)
 Metaspace       used 35369K, capacity 36210K, committed 36524K, reserved 1081344K
  class space    used 3714K, capacity 4022K, committed 4096K, reserved 1048576K
Heap Regions: E=young(eden), S=young(survivor), O=old, HS=humongous(starts), HC=humongous(continues), CS=collection set, F=free, A=archive, TAMS=top-at-mark-start (previous, next)
|   0|0x0000000084200000, 0x0000000084300000, 0x0000000084300000|100%| O|  |TAMS 0x0000000084300000, 0x0000000084200000| Untracked 
|   1|0x0000000084300000, 0x0000000084400000, 0x0000000084400000|100%| O|  |TAMS 0x0000000084400000, 0x0000000084300000| Untracked 
|   2|0x0000000084400000, 0x0000000084500000, 0x0000000084500000|100%| O|  |TAMS 0x0000000084500000, 0x0000000084400000| Untracked 
|   3|0x0000000084500000, 0x0000000084600000, 0x0000000084600000|100%| O|  |TAMS 0x0000000084600000, 0x0000000084500000| Untracked 
|   4|0x0000000084600000, 0x0000000084700000, 0x0000000084700000|100%| O|  |TAMS 0x0000000084700000, 0x0000000084600000| Untracked 
|   5|0x0000000084700000, 0x0000000084800000, 0x0000000084800000|100%| O|  |TAMS 0x0000000084800000, 0x0000000084700000| Untracked 
|   6|0x0000000084800000, 0x0000000084900000, 0x0000000084900000|100%| O|  |TAMS 0x0000000084900000, 0x0000000084800000| Untracked 
|   7|0x0000000084900000, 0x0000000084a00000, 0x0000000084a00000|100%| O|  |TAMS 0x0000000084a00000, 0x0000000084900000| Untracked 
|   8|0x0000000084a00000, 0x0000000084b00000, 0x0000000084b00000|100%| O|  |TAMS 0x0000000084b00000, 0x0000000084a00000| Untracked 
|   9|0x0000000084b00000, 0x0000000084bd7e00, 0x0000000084c00000| 84%| O|  |TAMS 0x0000000084bd7e00, 0x0000000084b00000| Untracked 
|  10|0x0000000084c00000, 0x0000000084c00000, 0x0000000084d00000|  0%| F|  |TAMS 0x0000000084c00000, 0x0000000084c00000| Untracked 
|  11|0x0000000084d00000, 0x0000000084d00000, 0x0000000084e00000|  0%| F|  |TAMS 0x0000000084d00000, 0x0000000084d00000| Untracked 
|  12|0x0000000084e00000, 0x0000000084e00000, 0x0000000084f00000|  0%| F|  |TAMS 0x0000000084e00000, 0x0000000084e00000| Untracked 
|  13|0x0000000084f00000, 0x0000000084f00000, 0x0000000085000000|  0%| F|  |TAMS 0x0000000084f00000, 0x0000000084f00000| Untracked 
|  14|0x0000000085000000, 0x0000000085000000, 0x0000000085100000|  0%| F|  |TAMS 0x0000000085000000, 0x0000000085000000| Untracked 
|  15|0x0000000085100000, 0x0000000085100000, 0x0000000085200000|  0%| F|  |TAMS 0x0000000085100000, 0x0000000085100000| Untracked 
|  16|0x0000000085200000, 0x0000000085200000, 0x0000000085300000|  0%| F|  |TAMS 0x0000000085200000, 0x0000000085200000| Untracked 
|  17|0x0000000085300000, 0x0000000085300000, 0x0000000085400000|  0%| F|  |TAMS 0x0000000085300000, 0x0000000085300000| Untracked 
|  18|0x0000000085400000, 0x0000000085400000, 0x0000000085500000|  0%| F|  |TAMS 0x0000000085400000, 0x0000000085400000| Untracked 
|  19|0x0000000085500000, 0x0000000085500000, 0x0000000085600000|  0%| F|  |TAMS 0x0000000085500000, 0x0000000085500000| Untracked 
|  20|0x0000000085600000, 0x0000000085600000, 0x0000000085700000|  0%| F|  |TAMS 0x0000000085600000, 0x0000000085600000| Untracked 
|  21|0x0000000085700000, 0x0000000085700000, 0x0000000085800000|  0%| F|  |TAMS 0x0000000085700000, 0x0000000085700000| Untracked 
|  22|0x0000000085800000, 0x0000000085800000, 0x0000000085900000|  0%| F|  |TAMS 0x0000000085800000, 0x0000000085800000| Untracked 
|  23|0x0000000085900000, 0x0000000085900000, 0x0000000085a00000|  0%| F|  |TAMS 0x0000000085900000, 0x0000000085900000| Untracked 
|  24|0x0000000085a00000, 0x0000000085a00000, 0x0000000085b00000|  0%| F|  |TAMS 0x0000000085a00000, 0x0000000085a00000| Untracked 
|  25|0x0000000085b00000, 0x0000000085b00000, 0x0000000085c00000|  0%| F|  |TAMS 0x0000000085b00000, 0x0000000085b00000| Untracked 
|  26|0x0000000085c00000, 0x0000000085c00000, 0x0000000085d00000|  0%| F|  |TAMS 0x0000000085c00000, 0x0000000085c00000| Untracked 
|  27|0x0000000085d00000, 0x0000000085d00000, 0x0000000085e00000|  0%| F|  |TAMS 0x0000000085d00000, 0x0000000085d00000| Untracked 
|  28|0x0000000085e00000, 0x0000000085e00000, 0x0000000085f00000|  0%| F|  |TAMS 0x0000000085e00000, 0x0000000085e00000| Untracked 
|  29|0x0000000085f00000, 0x0000000085f00000, 0x0000000086000000|  0%| F|  |TAMS 0x0000000085f00000, 0x0000000085f00000| Untracked 
|  30|0x0000000086000000, 0x0000000086000000, 0x0000000086100000|  0%| F|  |TAMS 0x0000000086000000, 0x0000000086000000| Untracked 
|  31|0x0000000086100000, 0x0000000086100000, 0x0000000086200000|  0%| F|  |TAMS 0x0000000086100000, 0x0000000086100000| Untracked 
|  32|0x0000000086200000, 0x0000000086200000, 0x0000000086300000|  0%| F|  |TAMS 0x0000000086200000, 0x0000000086200000| Untracked 
|  33|0x0000000086300000, 0x0000000086300000, 0x0000000086400000|  0%| F|  |TAMS 0x0000000086300000, 0x0000000086300000| Untracked 
|  34|0x0000000086400000, 0x0000000086400000, 0x0000000086500000|  0%| F|  |TAMS 0x0000000086400000, 0x0000000086400000| Untracked 
|  35|0x0000000086500000, 0x0000000086500000, 0x0000000086600000|  0%| F|  |TAMS 0x0000000086500000, 0x0000000086500000| Untracked 
|  36|0x0000000086600000, 0x0000000086600000, 0x0000000086700000|  0%| F|  |TAMS 0x0000000086600000, 0x0000000086600000| Untracked 
|  37|0x0000000086700000, 0x0000000086700000, 0x0000000086800000|  0%| F|  |TAMS 0x0000000086700000, 0x0000000086700000| Untracked 
|  38|0x0000000086800000, 0x0000000086800000, 0x0000000086900000|  0%| F|  |TAMS 0x0000000086800000, 0x0000000086800000| Untracked 
|  39|0x0000000086900000, 0x0000000086900000, 0x0000000086a00000|  0%| F|  |TAMS 0x0000000086900000, 0x0000000086900000| Untracked 
|  40|0x0000000086a00000, 0x0000000086a00000, 0x0000000086b00000|  0%| F|  |TAMS 0x0000000086a00000, 0x0000000086a00000| Untracked 
|  41|0x0000000086b00000, 0x0000000086b00000, 0x0000000086c00000|  0%| F|  |TAMS 0x0000000086b00000, 0x0000000086b00000| Untracked 
|  42|0x0000000086c00000, 0x0000000086c00000, 0x0000000086d00000|  0%| F|  |TAMS 0x0000000086c00000, 0x0000000086c00000| Untracked 
|  43|0x0000000086d00000, 0x0000000086d00000, 0x0000000086e00000|  0%| F|  |TAMS 0x0000000086d00000, 0x0000000086d00000| Untracked 
|  44|0x0000000086e00000, 0x0000000086e00000, 0x0000000086f00000|  0%| F|  |TAMS 0x0000000086e00000, 0x0000000086e00000| Untracked 
|  45|0x0000000086f00000, 0x0000000086f00000, 0x0000000087000000|  0%| F|  |TAMS 0x0000000086f00000, 0x0000000086f00000| Untracked 
|  46|0x0000000087000000, 0x0000000087000000, 0x0000000087100000|  0%| F|  |TAMS 0x0000000087000000, 0x0000000087000000| Untracked 
|  47|0x0000000087100000, 0x0000000087100000, 0x0000000087200000|  0%| F|  |TAMS 0x0000000087100000, 0x0000000087100000| Untracked 
|  48|0x0000000087200000, 0x0000000087200000, 0x0000000087300000|  0%| F|  |TAMS 0x0000000087200000, 0x0000000087200000| Untracked 
|  49|0x0000000087300000, 0x0000000087300000, 0x0000000087400000|  0%| F|  |TAMS 0x0000000087300000, 0x0000000087300000| Untracked 
|  50|0x0000000087400000, 0x0000000087400000, 0x0000000087500000|  0%| F|  |TAMS 0x0000000087400000, 0x0000000087400000| Untracked 
|  51|0x0000000087500000, 0x0000000087500000, 0x0000000087600000|  0%| F|  |TAMS 0x0000000087500000, 0x0000000087500000| Untracked 
|  52|0x0000000087600000, 0x0000000087600000, 0x0000000087700000|  0%| F|  |TAMS 0x0000000087600000, 0x0000000087600000| Untracked 
|  53|0x0000000087700000, 0x0000000087700000, 0x0000000087800000|  0%| F|  |TAMS 0x0000000087700000, 0x0000000087700000| Untracked 
|  54|0x0000000087800000, 0x0000000087800000, 0x0000000087900000|  0%| F|  |TAMS 0x0000000087800000, 0x0000000087800000| Untracked 
|  55|0x0000000087900000, 0x0000000087900000, 0x0000000087a00000|  0%| F|  |TAMS 0x0000000087900000, 0x0000000087900000| Untracked 
|  56|0x0000000087a00000, 0x0000000087a00000, 0x0000000087b00000|  0%| F|  |TAMS 0x0000000087a00000, 0x0000000087a00000| Untracked 
|  57|0x0000000087b00000, 0x0000000087b00000, 0x0000000087c00000|  0%| F|  |TAMS 0x0000000087b00000, 0x0000000087b00000| Untracked 
|  58|0x0000000087c00000, 0x0000000087c00000, 0x0000000087d00000|  0%| F|  |TAMS 0x0000000087c00000, 0x0000000087c00000| Untracked 
|  59|0x0000000087d00000, 0x0000000087d00000, 0x0000000087e00000|  0%| F|  |TAMS 0x0000000087d00000, 0x0000000087d00000| Untracked 
|  60|0x0000000087e00000, 0x0000000087e00000, 0x0000000087f00000|  0%| F|  |TAMS 0x0000000087e00000, 0x0000000087e00000| Untracked 
|  61|0x0000000087f00000, 0x0000000087f00000, 0x0000000088000000|  0%| F|  |TAMS 0x0000000087f00000, 0x0000000087f00000| Untracked 
|  62|0x0000000088000000, 0x0000000088000000, 0x0000000088100000|  0%| F|  |TAMS 0x0000000088000000, 0x0000000088000000| Untracked 
|  63|0x0000000088100000, 0x0000000088100000, 0x0000000088200000|  0%| F|  |TAMS 0x0000000088100000, 0x0000000088100000| Untracked 
|  64|0x0000000088200000, 0x0000000088200000, 0x0000000088300000|  0%| F|  |TAMS 0x0000000088200000, 0x0000000088200000| Untracked 
|  65|0x0000000088300000, 0x0000000088300000, 0x0000000088400000|  0%| F|  |TAMS 0x0000000088300000, 0x0000000088300000| Untracked 
|  66|0x0000000088400000, 0x0000000088400000, 0x0000000088500000|  0%| F|  |TAMS 0x0000000088400000, 0x0000000088400000| Untracked 
|  67|0x0000000088500000, 0x0000000088500000, 0x0000000088600000|  0%| F|  |TAMS 0x0000000088500000, 0x0000000088500000| Untracked 
|  68|0x0000000088600000, 0x0000000088600000, 0x0000000088700000|  0%| F|  |TAMS 0x0000000088600000, 0x0000000088600000| Untracked 
|  69|0x0000000088700000, 0x0000000088700000, 0x0000000088800000|  0%| F|  |TAMS 0x0000000088700000, 0x0000000088700000| Untracked 
|  70|0x0000000088800000, 0x0000000088800000, 0x0000000088900000|  0%| F|  |TAMS 0x0000000088800000, 0x0000000088800000| Untracked 
|  71|0x0000000088900000, 0x0000000088900000, 0x0000000088a00000|  0%| F|  |TAMS 0x0000000088900000, 0x0000000088900000| Untracked 
|  72|0x0000000088a00000, 0x0000000088a00000, 0x0000000088b00000|  0%| F|  |TAMS 0x0000000088a00000, 0x0000000088a00000| Untracked 
|  73|0x0000000088b00000, 0x0000000088b00000, 0x0000000088c00000|  0%| F|  |TAMS 0x0000000088b00000, 0x0000000088b00000| Untracked 
|  74|0x0000000088c00000, 0x0000000088c00000, 0x0000000088d00000|  0%| F|  |TAMS 0x0000000088c00000, 0x0000000088c00000| Untracked 
|  75|0x0000000088d00000, 0x0000000088d00000, 0x0000000088e00000|  0%| F|  |TAMS 0x0000000088d00000, 0x0000000088d00000| Untracked 
|  76|0x0000000088e00000, 0x0000000088e00000, 0x0000000088f00000|  0%| F|  |TAMS 0x0000000088e00000, 0x0000000088e00000| Untracked 
|  77|0x0000000088f00000, 0x0000000088f00000, 0x0000000089000000|  0%| F|  |TAMS 0x0000000088f00000, 0x0000000088f00000| Untracked 
|  78|0x0000000089000000, 0x0000000089000000, 0x0000000089100000|  0%| F|  |TAMS 0x0000000089000000, 0x0000000089000000| Untracked 
|  79|0x0000000089100000, 0x0000000089100000, 0x0000000089200000|  0%| F|  |TAMS 0x0000000089100000, 0x0000000089100000| Untracked 
|  80|0x0000000089200000, 0x0000000089200000, 0x0000000089300000|  0%| F|  |TAMS 0x0000000089200000, 0x0000000089200000| Untracked 
|  81|0x0000000089300000, 0x0000000089300000, 0x0000000089400000|  0%| F|  |TAMS 0x0000000089300000, 0x0000000089300000| Untracked 
|  82|0x0000000089400000, 0x0000000089400000, 0x0000000089500000|  0%| F|  |TAMS 0x0000000089400000, 0x0000000089400000| Untracked 
|  83|0x0000000089500000, 0x0000000089500000, 0x0000000089600000|  0%| F|  |TAMS 0x0000000089500000, 0x0000000089500000| Untracked 
|  84|0x0000000089600000, 0x0000000089600000, 0x0000000089700000|  0%| F|  |TAMS 0x0000000089600000, 0x0000000089600000| Untracked 
|  85|0x0000000089700000, 0x0000000089700000, 0x0000000089800000|  0%| F|  |TAMS 0x0000000089700000, 0x0000000089700000| Untracked 
|  86|0x0000000089800000, 0x0000000089800000, 0x0000000089900000|  0%| F|  |TAMS 0x0000000089800000, 0x0000000089800000| Untracked 
|  87|0x0000000089900000, 0x0000000089900000, 0x0000000089a00000|  0%| F|  |TAMS 0x0000000089900000, 0x0000000089900000| Untracked 
|  88|0x0000000089a00000, 0x0000000089a00000, 0x0000000089b00000|  0%| F|  |TAMS 0x0000000089a00000, 0x0000000089a00000| Untracked 
|  89|0x0000000089b00000, 0x0000000089b00000, 0x0000000089c00000|  0%| F|  |TAMS 0x0000000089b00000, 0x0000000089b00000| Untracked 
|  90|0x0000000089c00000, 0x0000000089c00000, 0x0000000089d00000|  0%| F|  |TAMS 0x0000000089c00000, 0x0000000089c00000| Untracked 
|  91|0x0000000089d00000, 0x0000000089d00000, 0x0000000089e00000|  0%| F|  |TAMS 0x0000000089d00000, 0x0000000089d00000| Untracked 
|  92|0x0000000089e00000, 0x0000000089e00000, 0x0000000089f00000|  0%| F|  |TAMS 0x0000000089e00000, 0x0000000089e00000| Untracked 
|  93|0x0000000089f00000, 0x0000000089f00000, 0x000000008a000000|  0%| F|  |TAMS 0x0000000089f00000, 0x0000000089f00000| Untracked 
|  94|0x000000008a000000, 0x000000008a000000, 0x000000008a100000|  0%| F|  |TAMS 0x000000008a000000, 0x000000008a000000| Untracked 
|  95|0x000000008a100000, 0x000000008a100000, 0x000000008a200000|  0%| F|  |TAMS 0x000000008a100000, 0x000000008a100000| Untracked 
|  96|0x000000008a200000, 0x000000008a200000, 0x000000008a300000|  0%| F|  |TAMS 0x000000008a200000, 0x000000008a200000| Untracked 
|  97|0x000000008a300000, 0x000000008a300000, 0x000000008a400000|  0%| F|  |TAMS 0x000000008a300000, 0x000000008a300000| Untracked 
|  98|0x000000008a400000, 0x000000008a400000, 0x000000008a500000|  0%| F|  |TAMS 0x000000008a400000, 0x000000008a400000| Untracked 
|  99|0x000000008a500000, 0x000000008a500000, 0x000000008a600000|  0%| F|  |TAMS 0x000000008a500000, 0x000000008a500000| Untracked 
| 100|0x000000008a600000, 0x000000008a600000, 0x000000008a700000|  0%| F|  |TAMS 0x000000008a600000, 0x000000008a600000| Untracked 
| 101|0x000000008a700000, 0x000000008a700000, 0x000000008a800000|  0%| F|  |TAMS 0x000000008a700000, 0x000000008a700000| Untracked 
| 102|0x000000008a800000, 0x000000008a800000, 0x000000008a900000|  0%| F|  |TAMS 0x000000008a800000, 0x000000008a800000| Untracked 
| 103|0x000000008a900000, 0x000000008a900000, 0x000000008aa00000|  0%| F|  |TAMS 0x000000008a900000, 0x000000008a900000| Untracked 
| 104|0x000000008aa00000, 0x000000008aa00000, 0x000000008ab00000|  0%| F|  |TAMS 0x000000008aa00000, 0x000000008aa00000| Untracked 
| 105|0x000000008ab00000, 0x000000008ab00000, 0x000000008ac00000|  0%| F|  |TAMS 0x000000008ab00000, 0x000000008ab00000| Untracked 
| 106|0x000000008ac00000, 0x000000008ac00000, 0x000000008ad00000|  0%| F|  |TAMS 0x000000008ac00000, 0x000000008ac00000| Untracked 
| 107|0x000000008ad00000, 0x000000008ad00000, 0x000000008ae00000|  0%| F|  |TAMS 0x000000008ad00000, 0x000000008ad00000| Untracked 
| 108|0x000000008ae00000, 0x000000008ae00000, 0x000000008af00000|  0%| F|  |TAMS 0x000000008ae00000, 0x000000008ae00000| Untracked 
| 109|0x000000008af00000, 0x000000008af00000, 0x000000008b000000|  0%| F|  |TAMS 0x000000008af00000, 0x000000008af00000| Untracked 
| 110|0x000000008b000000, 0x000000008b000000, 0x000000008b100000|  0%| F|  |TAMS 0x000000008b000000, 0x000000008b000000| Untracked 
| 111|0x000000008b100000, 0x000000008b100000, 0x000000008b200000|  0%| F|  |TAMS 0x000000008b100000, 0x000000008b100000| Untracked 
| 112|0x000000008b200000, 0x000000008b200000, 0x000000008b300000|  0%| F|  |TAMS 0x000000008b200000, 0x000000008b200000| Untracked 
| 113|0x000000008b300000, 0x000000008b300000, 0x000000008b400000|  0%| F|  |TAMS 0x000000008b300000, 0x000000008b300000| Untracked 
| 114|0x000000008b400000, 0x000000008b400000, 0x000000008b500000|  0%| F|  |TAMS 0x000000008b400000, 0x000000008b400000| Untracked 
| 115|0x000000008b500000, 0x000000008b500000, 0x000000008b600000|  0%| F|  |TAMS 0x000000008b500000, 0x000000008b500000| Untracked 
| 116|0x000000008b600000, 0x000000008b600000, 0x000000008b700000|  0%| F|  |TAMS 0x000000008b600000, 0x000000008b600000| Untracked 
| 117|0x000000008b700000, 0x000000008b700000, 0x000000008b800000|  0%| F|  |TAMS 0x000000008b700000, 0x000000008b700000| Untracked 
| 118|0x000000008b800000, 0x000000008b800000, 0x000000008b900000|  0%| F|  |TAMS 0x000000008b800000, 0x000000008b800000| Untracked 
| 119|0x000000008b900000, 0x000000008b900000, 0x000000008ba00000|  0%| F|  |TAMS 0x000000008b900000, 0x000000008b900000| Untracked 
| 120|0x000000008ba00000, 0x000000008ba00000, 0x000000008bb00000|  0%| F|  |TAMS 0x000000008ba00000, 0x000000008ba00000| Untracked 
| 121|0x000000008bb00000, 0x000000008bb00000, 0x000000008bc00000|  0%| F|  |TAMS 0x000000008bb00000, 0x000000008bb00000| Untracked 
| 122|0x000000008bc00000, 0x000000008bc00000, 0x000000008bd00000|  0%| F|  |TAMS 0x000000008bc00000, 0x000000008bc00000| Untracked 
| 123|0x000000008bd00000, 0x000000008bd00000, 0x000000008be00000|  0%| F|  |TAMS 0x000000008bd00000, 0x000000008bd00000| Untracked 
| 124|0x000000008be00000, 0x000000008bf00000, 0x000000008bf00000|100%| S|CS|TAMS 0x000000008be00000, 0x000000008be00000| Complete 
| 125|0x000000008bf00000, 0x000000008c000000, 0x000000008c000000|100%| S|CS|TAMS 0x000000008bf00000, 0x000000008bf00000| Complete 
| 126|0x000000008c000000, 0x000000008c100000, 0x000000008c100000|100%| S|CS|TAMS 0x000000008c000000, 0x000000008c000000| Complete 
| 127|0x000000008c100000, 0x000000008c200000, 0x000000008c200000|100%| S|CS|TAMS 0x000000008c100000, 0x000000008c100000| Complete 
| 128|0x000000008c200000, 0x000000008c300000, 0x000000008c300000|100%| S|CS|TAMS 0x000000008c200000, 0x000000008c200000| Complete 
| 129|0x000000008c300000, 0x000000008c400000, 0x000000008c400000|100%| S|CS|TAMS 0x000000008c300000, 0x000000008c300000| Complete 
| 130|0x000000008c400000, 0x000000008c400000, 0x000000008c500000|  0%| F|  |TAMS 0x000000008c400000, 0x000000008c400000| Untracked 
| 131|0x000000008c500000, 0x000000008c500000, 0x000000008c600000|  0%| F|  |TAMS 0x000000008c500000, 0x000000008c500000| Untracked 
| 132|0x000000008c600000, 0x000000008c600000, 0x000000008c700000|  0%| F|  |TAMS 0x000000008c600000, 0x000000008c600000| Untracked 
| 133|0x000000008c700000, 0x000000008c700000, 0x000000008c800000|  0%| F|  |TAMS 0x000000008c700000, 0x000000008c700000| Untracked 
| 134|0x000000008c800000, 0x000000008c800000, 0x000000008c900000|  0%| F|  |TAMS 0x000000008c800000, 0x000000008c800000| Untracked 
| 135|0x000000008c900000, 0x000000008c900000, 0x000000008ca00000|  0%| F|  |TAMS 0x000000008c900000, 0x000000008c900000| Untracked 
| 136|0x000000008ca00000, 0x000000008ca00000, 0x000000008cb00000|  0%| F|  |TAMS 0x000000008ca00000, 0x000000008ca00000| Untracked 
| 137|0x000000008cb00000, 0x000000008cb00000, 0x000000008cc00000|  0%| F|  |TAMS 0x000000008cb00000, 0x000000008cb00000| Untracked 
| 138|0x000000008cc00000, 0x000000008cc00000, 0x000000008cd00000|  0%| F|  |TAMS 0x000000008cc00000, 0x000000008cc00000| Untracked 
| 139|0x000000008cd00000, 0x000000008cd00000, 0x000000008ce00000|  0%| F|  |TAMS 0x000000008cd00000, 0x000000008cd00000| Untracked 
| 140|0x000000008ce00000, 0x000000008ce00000, 0x000000008cf00000|  0%| F|  |TAMS 0x000000008ce00000, 0x000000008ce00000| Untracked 
| 141|0x000000008cf00000, 0x000000008cf00000, 0x000000008d000000|  0%| F|  |TAMS 0x000000008cf00000, 0x000000008cf00000| Untracked 
| 142|0x000000008d000000, 0x000000008d000000, 0x000000008d100000|  0%| F|  |TAMS 0x000000008d000000, 0x000000008d000000| Untracked 
| 143|0x000000008d100000, 0x000000008d200000, 0x000000008d200000|100%| E|  |TAMS 0x000000008d100000, 0x000000008d100000| Complete 
| 144|0x000000008d200000, 0x000000008d300000, 0x000000008d300000|100%| E|CS|TAMS 0x000000008d200000, 0x000000008d200000| Complete 
| 145|0x000000008d300000, 0x000000008d400000, 0x000000008d400000|100%| E|CS|TAMS 0x000000008d300000, 0x000000008d300000| Complete 
| 146|0x000000008d400000, 0x000000008d500000, 0x000000008d500000|100%| E|CS|TAMS 0x000000008d400000, 0x000000008d400000| Complete 
| 147|0x000000008d500000, 0x000000008d600000, 0x000000008d600000|100%| E|CS|TAMS 0x000000008d500000, 0x000000008d500000| Complete 
| 148|0x000000008d600000, 0x000000008d700000, 0x000000008d700000|100%| E|CS|TAMS 0x000000008d600000, 0x000000008d600000| Complete 

Card table byte_map: [0x000002071baa0000,0x000002071be80000] _byte_map_base: 0x000002071b67f000

Marking Bits (Prev, Next): (CMBitMap*) 0x000002070214a748, (CMBitMap*) 0x000002070214a780
 Prev Bits: [0x000002071c260000, 0x000002071e158000)
 Next Bits: [0x000002071e160000, 0x0000020720058000)

Polling page: 0x00000207021f0000

Metaspace:

Usage:
  Non-class:     31.43 MB capacity,    30.91 MB ( 98%) used,   468.14 KB (  1%) free+waste,    64.19 KB ( <1%) overhead. 
      Class:      3.93 MB capacity,     3.63 MB ( 92%) used,   280.55 KB (  7%) free+waste,    27.38 KB ( <1%) overhead. 
       Both:     35.36 MB capacity,    34.54 MB ( 98%) used,   748.70 KB (  2%) free+waste,    91.56 KB ( <1%) overhead. 

Virtual space:
  Non-class space:       32.00 MB reserved,      31.67 MB ( 99%) committed 
      Class space:        1.00 GB reserved,       4.00 MB ( <1%) committed 
             Both:        1.03 GB reserved,      35.67 MB (  3%) committed 

Chunk freelists:
   Non-Class:  4.00 KB
       Class:  10.00 KB
        Both:  14.00 KB

MaxMetaspaceSize: 17179869184.00 GB
CompressedClassSpaceSize: 1.00 GB
Initial GC threshold: 20.80 MB
Current GC threshold: 58.41 MB
CDS: off

CodeHeap 'non-profiled nmethods': size=120064Kb used=2783Kb max_used=2783Kb free=117280Kb
 bounds [0x0000020713b50000, 0x0000020713e10000, 0x000002071b090000]
CodeHeap 'profiled nmethods': size=120000Kb used=12237Kb max_used=12237Kb free=107762Kb
 bounds [0x000002070c620000, 0x000002070d220000, 0x0000020713b50000]
CodeHeap 'non-nmethods': size=5696Kb used=1232Kb max_used=1266Kb free=4463Kb
 bounds [0x000002070c090000, 0x000002070c300000, 0x000002070c620000]
 total_blobs=5916 nmethods=5419 adapters=409
 compilation: enabled
              stopped_count=0, restarted_count=0
 full_count=0

Compilation events (20 events):
Event: 3.953 Thread 0x00000207226db800 nmethod 5406 0x000002070d20ca10 code [0x000002070d20cbe0, 0x000002070d20cf18]
Event: 3.953 Thread 0x00000207226db800 5405       2       java.util.Collections$UnmodifiableMap$UnmodifiableEntrySet$UnmodifiableEntry::<init> (16 bytes)
Event: 3.954 Thread 0x00000207226db800 nmethod 5405 0x000002070d20d090 code [0x000002070d20d260, 0x000002070d20d4c8]
Event: 3.954 Thread 0x00000207226db800 5407       2       java.util.Collections$UnmodifiableMap$UnmodifiableEntrySet$1::next (20 bytes)
Event: 3.954 Thread 0x00000207226db800 nmethod 5407 0x000002070d20d610 code [0x000002070d20d7e0, 0x000002070d20db18]
Event: 3.955 Thread 0x00000207226db800 5409       3       java.lang.ProcessEnvironment$CheckedEntry::getKey (5 bytes)
Event: 3.955 Thread 0x00000207226db800 nmethod 5409 0x000002070d20dc90 code [0x000002070d20de60, 0x000002070d20e168]
Event: 3.955 Thread 0x00000207226db800 5411       3       java.lang.ProcessEnvironment$NameComparator::compare (90 bytes)
Event: 3.956 Thread 0x00000207226db800 nmethod 5411 0x000002070d20e290 code [0x000002070d20e5c0, 0x000002070d20f858]
Event: 3.956 Thread 0x00000207226db800 5410       3       java.lang.ProcessEnvironment$CheckedEntry::getKey (13 bytes)
Event: 3.956 Thread 0x00000207226db800 nmethod 5410 0x000002070d210110 code [0x000002070d2102e0, 0x000002070d210588]
Event: 3.961 Thread 0x00000207226db800 5413       3       jdk.internal.org.objectweb.asm.Type::getArgumentsAndReturnSizes (151 bytes)
Event: 3.962 Thread 0x00000207226db800 nmethod 5413 0x000002070d210690 code [0x000002070d210a20, 0x000002070d2123f8]
Event: 3.962 Thread 0x00000207226db800 5415       3       java.lang.invoke.InvokerBytecodeGenerator::getInternalName (98 bytes)
Event: 3.962 Thread 0x00000207226db800 nmethod 5415 0x000002070d212d10 code [0x000002070d212f20, 0x000002070d2133d8]
Event: 3.968 Thread 0x0000020724226000 nmethod 5332 0x0000020713dfaf10 code [0x0000020713dfb160, 0x0000020713dfc430]
Event: 3.968 Thread 0x0000020724226000 5335       4       java.util.regex.Matcher::<init> (95 bytes)
Event: 3.978 Thread 0x0000020724226000 nmethod 5335 0x0000020713dfcf10 code [0x0000020713dfd100, 0x0000020713dfda98]
Event: 3.988 Thread 0x00000207226d8000 nmethod 5287 0x0000020713dfdd90 code [0x0000020713dfe240, 0x0000020713e03880]
Event: 4.234 Thread 0x0000020724226000 5418       4       java.io.File::isInvalid (47 bytes)

GC Heap History (14 events):
Event: 0.551 GC heap before
{Heap before GC invocations=0 (full 0):
 garbage-first heap   total 126976K, used 13312K [0x0000000084200000, 0x0000000100000000)
  region size 1024K, 14 young (14336K), 0 survivors (0K)
 Metaspace       used 11459K, capacity 11665K, committed 12032K, reserved 1060864K
  class space    used 1065K, capacity 1167K, committed 1280K, reserved 1048576K
}
Event: 0.557 GC heap after
{Heap after GC invocations=1 (full 0):
 garbage-first heap   total 126976K, used 3176K [0x0000000084200000, 0x0000000100000000)
  region size 1024K, 2 young (2048K), 2 survivors (2048K)
 Metaspace       used 11459K, capacity 11665K, committed 12032K, reserved 1060864K
  class space    used 1065K, capacity 1167K, committed 1280K, reserved 1048576K
}
Event: 0.687 GC heap before
{Heap before GC invocations=1 (full 0):
 garbage-first heap   total 126976K, used 16488K [0x0000000084200000, 0x0000000100000000)
  region size 1024K, 15 young (15360K), 2 survivors (2048K)
 Metaspace       used 13559K, capacity 13885K, committed 14080K, reserved 1062912K
  class space    used 1352K, capacity 1459K, committed 1536K, reserved 1048576K
}
Event: 0.690 GC heap after
{Heap after GC invocations=2 (full 0):
 garbage-first heap   total 126976K, used 3867K [0x0000000084200000, 0x0000000100000000)
  region size 1024K, 1 young (1024K), 1 survivors (1024K)
 Metaspace       used 13559K, capacity 13885K, committed 14080K, reserved 1062912K
  class space    used 1352K, capacity 1459K, committed 1536K, reserved 1048576K
}
Event: 1.086 GC heap before
{Heap before GC invocations=2 (full 0):
 garbage-first heap   total 126976K, used 36635K [0x0000000084200000, 0x0000000100000000)
  region size 1024K, 33 young (33792K), 1 survivors (1024K)
 Metaspace       used 18019K, capacity 18385K, committed 18560K, reserved 1064960K
  class space    used 1906K, capacity 2055K, committed 2176K, reserved 1048576K
}
Event: 1.090 GC heap after
{Heap after GC invocations=3 (full 0):
 garbage-first heap   total 126976K, used 5488K [0x0000000084200000, 0x0000000100000000)
  region size 1024K, 3 young (3072K), 3 survivors (3072K)
 Metaspace       used 18019K, capacity 18385K, committed 18560K, reserved 1064960K
  class space    used 1906K, capacity 2055K, committed 2176K, reserved 1048576K
}
Event: 1.390 GC heap before
{Heap before GC invocations=3 (full 0):
 garbage-first heap   total 126976K, used 20848K [0x0000000084200000, 0x0000000100000000)
  region size 1024K, 19 young (19456K), 3 survivors (3072K)
 Metaspace       used 20868K, capacity 21115K, committed 21248K, reserved 1069056K
  class space    used 2197K, capacity 2291K, committed 2304K, reserved 1048576K
}
Event: 1.396 GC heap after
{Heap after GC invocations=4 (full 0):
 garbage-first heap   total 126976K, used 6428K [0x0000000084200000, 0x0000000100000000)
  region size 1024K, 4 young (4096K), 4 survivors (4096K)
 Metaspace       used 20868K, capacity 21115K, committed 21248K, reserved 1069056K
  class space    used 2197K, capacity 2291K, committed 2304K, reserved 1048576K
}
Event: 2.319 GC heap before
{Heap before GC invocations=5 (full 0):
 garbage-first heap   total 126976K, used 66844K [0x0000000084200000, 0x0000000100000000)
  region size 1024K, 63 young (64512K), 4 survivors (4096K)
 Metaspace       used 22726K, capacity 23232K, committed 23296K, reserved 1071104K
  class space    used 2352K, capacity 2505K, committed 2560K, reserved 1048576K
}
Event: 2.328 GC heap after
{Heap after GC invocations=6 (full 0):
 garbage-first heap   total 152576K, used 10345K [0x0000000084200000, 0x0000000100000000)
  region size 1024K, 7 young (7168K), 7 survivors (7168K)
 Metaspace       used 22726K, capacity 23232K, committed 23296K, reserved 1071104K
  class space    used 2352K, capacity 2505K, committed 2560K, reserved 1048576K
}
Event: 3.777 GC heap before
{Heap before GC invocations=6 (full 0):
 garbage-first heap   total 152576K, used 94313K [0x0000000084200000, 0x0000000100000000)
  region size 1024K, 89 young (91136K), 7 survivors (7168K)
 Metaspace       used 34530K, capacity 35389K, committed 35456K, reserved 1081344K
  class space    used 3631K, capacity 3918K, committed 3968K, reserved 1048576K
}
Event: 3.787 GC heap after
{Heap after GC invocations=7 (full 0):
 garbage-first heap   total 152576K, used 16279K [0x0000000084200000, 0x0000000100000000)
  region size 1024K, 11 young (11264K), 11 survivors (11264K)
 Metaspace       used 34530K, capacity 35389K, committed 35456K, reserved 1081344K
  class space    used 3631K, capacity 3918K, committed 3968K, reserved 1048576K
}
Event: 3.876 GC heap before
{Heap before GC invocations=7 (full 0):
 garbage-first heap   total 152576K, used 34711K [0x0000000084200000, 0x0000000100000000)
  region size 1024K, 30 young (30720K), 11 survivors (11264K)
 Metaspace       used 34768K, capacity 35527K, committed 35628K, reserved 1081344K
  class space    used 3650K, capacity 3921K, committed 3968K, reserved 1048576K
}
Event: 3.885 GC heap after
{Heap after GC invocations=8 (full 0):
 garbage-first heap   total 152576K, used 16223K [0x0000000084200000, 0x0000000100000000)
  region size 1024K, 6 young (6144K), 6 survivors (6144K)
 Metaspace       used 34768K, capacity 35527K, committed 35628K, reserved 1081344K
  class space    used 3650K, capacity 3921K, committed 3968K, reserved 1048576K
}

Deoptimization events (20 events):
Event: 3.952 Thread 0x000002070210c800 Uncommon trap: trap_request=0xffffffde fr.pc=0x0000020713c6f484 relative=0x0000000000000064
Event: 3.952 Thread 0x000002070210c800 Uncommon trap: reason=class_check action=maybe_recompile pc=0x0000020713c6f484 method=java.util.Collections$UnmodifiableMap$UnmodifiableEntrySet$UnmodifiableEntry.getValue()Ljava/lang/Object; @ 4 c2
Event: 3.952 Thread 0x000002070210c800 DEOPT PACKING pc=0x0000020713c6f484 sp=0x000000baf20fd5c0
Event: 3.952 Thread 0x000002070210c800 DEOPT UNPACKING pc=0x000002070c0985af sp=0x000000baf20fd550 mode 2
Event: 3.952 Thread 0x000002070210c800 Uncommon trap: trap_request=0xffffffde fr.pc=0x0000020713c6bb90 relative=0x0000000000000070
Event: 3.952 Thread 0x000002070210c800 Uncommon trap: reason=class_check action=maybe_recompile pc=0x0000020713c6bb90 method=java.util.Collections$UnmodifiableMap$UnmodifiableEntrySet$1.hasNext()Z @ 4 c2
Event: 3.952 Thread 0x000002070210c800 DEOPT PACKING pc=0x0000020713c6bb90 sp=0x000000baf20fd5d0
Event: 3.952 Thread 0x000002070210c800 DEOPT UNPACKING pc=0x000002070c0985af sp=0x000000baf20fd560 mode 2
Event: 3.952 Thread 0x000002070210c800 Uncommon trap: trap_request=0xffffffde fr.pc=0x0000020713c6ebb0 relative=0x00000000000004f0
Event: 3.952 Thread 0x000002070210c800 Uncommon trap: reason=class_check action=maybe_recompile pc=0x0000020713c6ebb0 method=java.util.Collections$UnmodifiableMap$UnmodifiableEntrySet$1.next()Ljava/util/Map$Entry; @ 8 c2
Event: 3.952 Thread 0x000002070210c800 DEOPT PACKING pc=0x0000020713c6ebb0 sp=0x000000baf20fd570
Event: 3.952 Thread 0x000002070210c800 DEOPT UNPACKING pc=0x000002070c0985af sp=0x000000baf20fd4f0 mode 2
Event: 3.952 Thread 0x000002070210c800 Uncommon trap: trap_request=0xffffffde fr.pc=0x0000020713c6f184 relative=0x0000000000000064
Event: 3.952 Thread 0x000002070210c800 Uncommon trap: reason=class_check action=maybe_recompile pc=0x0000020713c6f184 method=java.util.Collections$UnmodifiableMap$UnmodifiableEntrySet$UnmodifiableEntry.getKey()Ljava/lang/Object; @ 4 c2
Event: 3.952 Thread 0x000002070210c800 DEOPT PACKING pc=0x0000020713c6f184 sp=0x000000baf20fd5c0
Event: 3.952 Thread 0x000002070210c800 DEOPT UNPACKING pc=0x000002070c0985af sp=0x000000baf20fd550 mode 2
Event: 3.952 Thread 0x000002070210c800 Uncommon trap: trap_request=0xffffffde fr.pc=0x0000020713c6f484 relative=0x0000000000000064
Event: 3.952 Thread 0x000002070210c800 Uncommon trap: reason=class_check action=maybe_recompile pc=0x0000020713c6f484 method=java.util.Collections$UnmodifiableMap$UnmodifiableEntrySet$UnmodifiableEntry.getValue()Ljava/lang/Object; @ 4 c2
Event: 3.952 Thread 0x000002070210c800 DEOPT PACKING pc=0x0000020713c6f484 sp=0x000000baf20fd5c0
Event: 3.952 Thread 0x000002070210c800 DEOPT UNPACKING pc=0x000002070c0985af sp=0x000000baf20fd550 mode 2

Classes redefined (0 events):
No events

Internal exceptions (20 events):
Event: 3.529 Thread 0x000002070210c800 Exception <a 'sun/nio/fs/WindowsException'{0x0000000089709920}> (0x0000000089709920) thrown at [./src/hotspot/share/prims/jni.cpp, line 617]
Event: 3.530 Thread 0x000002070210c800 Exception <a 'sun/nio/fs/WindowsException'{0x0000000089735620}> (0x0000000089735620) thrown at [./src/hotspot/share/prims/jni.cpp, line 617]
Event: 3.530 Thread 0x000002070210c800 Exception <a 'sun/nio/fs/WindowsException'{0x00000000897358f0}> (0x00000000897358f0) thrown at [./src/hotspot/share/prims/jni.cpp, line 617]
Event: 3.531 Thread 0x000002070210c800 Exception <a 'sun/nio/fs/WindowsException'{0x0000000089747290}> (0x0000000089747290) thrown at [./src/hotspot/share/prims/jni.cpp, line 617]
Event: 3.531 Thread 0x000002070210c800 Exception <a 'sun/nio/fs/WindowsException'{0x0000000089747578}> (0x0000000089747578) thrown at [./src/hotspot/share/prims/jni.cpp, line 617]
Event: 3.531 Thread 0x000002070210c800 Exception <a 'sun/nio/fs/WindowsException'{0x00000000897489a0}> (0x00000000897489a0) thrown at [./src/hotspot/share/prims/jni.cpp, line 617]
Event: 3.531 Thread 0x000002070210c800 Exception <a 'sun/nio/fs/WindowsException'{0x0000000089748c68}> (0x0000000089748c68) thrown at [./src/hotspot/share/prims/jni.cpp, line 617]
Event: 3.531 Thread 0x000002070210c800 Exception <a 'sun/nio/fs/WindowsException'{0x000000008974ab50}> (0x000000008974ab50) thrown at [./src/hotspot/share/prims/jni.cpp, line 617]
Event: 3.531 Thread 0x000002070210c800 Exception <a 'sun/nio/fs/WindowsException'{0x000000008974adc0}> (0x000000008974adc0) thrown at [./src/hotspot/share/prims/jni.cpp, line 617]
Event: 3.531 Thread 0x000002070210c800 Exception <a 'sun/nio/fs/WindowsException'{0x000000008974d038}> (0x000000008974d038) thrown at [./src/hotspot/share/prims/jni.cpp, line 617]
Event: 3.531 Thread 0x000002070210c800 Exception <a 'sun/nio/fs/WindowsException'{0x000000008974d2f8}> (0x000000008974d2f8) thrown at [./src/hotspot/share/prims/jni.cpp, line 617]
Event: 3.559 Thread 0x000002070210c800 Exception <a 'sun/nio/fs/WindowsException'{0x0000000089518b88}> (0x0000000089518b88) thrown at [./src/hotspot/share/prims/jni.cpp, line 617]
Event: 3.580 Thread 0x000002070210c800 Exception <a 'sun/nio/fs/WindowsException'{0x0000000089417148}> (0x0000000089417148) thrown at [./src/hotspot/share/prims/jni.cpp, line 617]
Event: 3.759 Thread 0x000002070210c800 Exception <a 'java/lang/NoSuchMethodError'{0x00000000886a6a88}: 'java.lang.String org.apache.maven.execution.MavenExecutionRequest.getFailureBehavior()'> (0x00000000886a6a88) thrown at [./src/hotspot/share/interpreter/linkResolver.cpp, line 868]
Event: 3.776 Thread 0x0000020724d3e800 Exception <a 'java/lang/NoSuchMethodError'{0x000000008854b180}: 'java.lang.Object java.lang.invoke.DirectMethodHandle$Holder.invokeStaticInit(java.lang.Object, java.lang.Object, long, java.lang.Object)'> (0x000000008854b180) thrown at [./src/hotspot/share/interpreter/linkResolver.cpp, line 773]
Event: 3.776 Thread 0x0000020724d3e800 Exception <a 'java/lang/NoSuchMethodError'{0x00000000885572a0}: 'java.lang.Object java.lang.invoke.Invokers$Holder.linkToTargetMethod(java.lang.Object, long, java.lang.Object)'> (0x00000000885572a0) thrown at [./src/hotspot/share/interpreter/linkResolver.cpp, line 773]
Event: 3.960 Thread 0x000002070210c800 Exception <a 'java/lang/NoSuchMethodError'{0x000000008d24bf78}: 'void java.lang.invoke.DirectMethodHandle$Holder.invokeStatic(java.lang.Object, long)'> (0x000000008d24bf78) thrown at [./src/hotspot/share/interpreter/linkResolver.cpp, line 773]
Event: 3.961 Thread 0x000002070210c800 Exception <a 'java/lang/NoSuchMethodError'{0x000000008d251190}: 'java.lang.Object java.lang.invoke.DirectMethodHandle$Holder.invokeStatic(java.lang.Object, long)'> (0x000000008d251190) thrown at [./src/hotspot/share/interpreter/linkResolver.cpp, line 773]
Event: 3.962 Thread 0x000002070210c800 Exception <a 'java/lang/NoSuchMethodError'{0x000000008d2544b8}: 'java.lang.Object java.lang.invoke.DirectMethodHandle$Holder.invokeSpecial(java.lang.Object, java.lang.Object, long)'> (0x000000008d2544b8) thrown at [./src/hotspot/share/interpreter/linkResolver.cpp, line 773]
Event: 3.962 Thread 0x000002070210c800 Exception <a 'java/lang/NoSuchMethodError'{0x000000008d257220}: 'java.lang.Object java.lang.invoke.Invokers$Holder.linkToTargetMethod(long, java.lang.Object)'> (0x000000008d257220) thrown at [./src/hotspot/share/interpreter/linkResolver.cpp, line 773]

Events (20 events):
Event: 4.230 Executing VM operation: RevokeBias
Event: 4.230 Executing VM operation: RevokeBias done
Event: 4.230 Executing VM operation: RevokeBias
Event: 4.230 Executing VM operation: RevokeBias done
Event: 4.230 Executing VM operation: RevokeBias
Event: 4.230 Executing VM operation: RevokeBias done
Event: 4.230 Executing VM operation: BulkRevokeBias
Event: 4.231 Executing VM operation: BulkRevokeBias done
Event: 4.231 loading class org/apache/maven/plugin/surefire/booterclient/output/InPluginProcessDumpSingleton
Event: 4.231 loading class org/apache/maven/plugin/surefire/booterclient/output/InPluginProcessDumpSingleton done
Event: 4.231 loading class org/apache/maven/plugin/surefire/booterclient/output/InPluginProcessDumpSingleton
Event: 4.231 loading class org/apache/maven/plugin/surefire/booterclient/output/InPluginProcessDumpSingleton done
Event: 4.231 loading class org/apache/maven/plugin/surefire/booterclient/output/InPluginProcessDumpSingleton
Event: 4.231 loading class org/apache/maven/plugin/surefire/booterclient/output/InPluginProcessDumpSingleton done
Event: 4.231 loading class org/apache/maven/plugin/surefire/booterclient/output/InPluginProcessDumpSingleton
Event: 4.231 loading class org/apache/maven/plugin/surefire/booterclient/output/InPluginProcessDumpSingleton done
Event: 4.232 loading class java/lang/Throwable$WrappedPrintWriter
Event: 4.232 loading class java/lang/Throwable$PrintStreamOrWriter
Event: 4.232 loading class java/lang/Throwable$PrintStreamOrWriter done
Event: 4.232 loading class java/lang/Throwable$WrappedPrintWriter done


Dynamic libraries:
0x00007ff7a3020000 - 0x00007ff7a302d000 	C:\Users\Admin\.jdks\corretto-11.0.18\bin\java.exe
0x00007ffa4cc50000 - 0x00007ffa4ce48000 	C:\Windows\SYSTEM32\ntdll.dll
0x00007ffa4b070000 - 0x00007ffa4b12d000 	C:\Windows\System32\KERNEL32.DLL
0x00007ffa4a590000 - 0x00007ffa4a886000 	C:\Windows\System32\KERNELBASE.dll
0x00007ffa4a9f0000 - 0x00007ffa4aaf0000 	C:\Windows\System32\ucrtbase.dll
0x00007ffa331c0000 - 0x00007ffa331d7000 	C:\Users\Admin\.jdks\corretto-11.0.18\bin\jli.dll
0x00007ffa33cf0000 - 0x00007ffa33d09000 	C:\Users\Admin\.jdks\corretto-11.0.18\bin\VCRUNTIME140.dll
0x00007ffa4b9e0000 - 0x00007ffa4bb7e000 	C:\Windows\System32\USER32.dll
0x00007ffa4a3c0000 - 0x00007ffa4a3e2000 	C:\Windows\System32\win32u.dll
0x00007ffa4b8b0000 - 0x00007ffa4b8dc000 	C:\Windows\System32\GDI32.dll
0x00007ffa4ab90000 - 0x00007ffa4acaa000 	C:\Windows\System32\gdi32full.dll
0x00007ffa33f50000 - 0x00007ffa341ea000 	C:\Windows\WinSxS\amd64_microsoft.windows.common-controls_6595b64144ccf1df_6.0.19041.3636_none_60b6a03d71f818d5\COMCTL32.dll
0x00007ffa4aaf0000 - 0x00007ffa4ab8d000 	C:\Windows\System32\msvcp_win.dll
0x00007ffa4b810000 - 0x00007ffa4b8ae000 	C:\Windows\System32\msvcrt.dll
0x00007ffa4cb00000 - 0x00007ffa4cb30000 	C:\Windows\System32\IMM32.DLL
0x00007ffa1c080000 - 0x00007ffa1c11b000 	C:\Users\Admin\.jdks\corretto-11.0.18\bin\msvcp140.dll
0x00007ffa0b980000 - 0x00007ffa0c50a000 	C:\Users\Admin\.jdks\corretto-11.0.18\bin\server\jvm.dll
0x00007ffa4c9f0000 - 0x00007ffa4ca9f000 	C:\Windows\System32\ADVAPI32.dll
0x00007ffa4b8e0000 - 0x00007ffa4b97c000 	C:\Windows\System32\sechost.dll
0x00007ffa4bb80000 - 0x00007ffa4bca6000 	C:\Windows\System32\RPCRT4.dll
0x00007ffa4b4a0000 - 0x00007ffa4b4a8000 	C:\Windows\System32\PSAPI.DLL
0x00007ffa2feb0000 - 0x00007ffa2fed7000 	C:\Windows\SYSTEM32\WINMM.dll
0x00007ffa41030000 - 0x00007ffa41039000 	C:\Windows\SYSTEM32\WSOCK32.dll
0x00007ffa39b00000 - 0x00007ffa39b0a000 	C:\Windows\SYSTEM32\VERSION.dll
0x00007ffa4b430000 - 0x00007ffa4b49b000 	C:\Windows\System32\WS2_32.dll
0x00007ffa48b40000 - 0x00007ffa48b52000 	C:\Windows\SYSTEM32\kernel.appcore.dll
0x00007ffa39e10000 - 0x00007ffa39e20000 	C:\Users\Admin\.jdks\corretto-11.0.18\bin\verify.dll
0x00007ffa47f30000 - 0x00007ffa48114000 	C:\Windows\SYSTEM32\DBGHELP.DLL
0x00007ffa23000000 - 0x00007ffa23034000 	C:\Windows\SYSTEM32\dbgcore.DLL
0x00007ffa4a330000 - 0x00007ffa4a3b2000 	C:\Windows\System32\bcryptPrimitives.dll
0x00007ffa2a8f0000 - 0x00007ffa2a918000 	C:\Users\Admin\.jdks\corretto-11.0.18\bin\java.dll
0x00007ffa37ff0000 - 0x00007ffa37ffa000 	C:\Users\Admin\.jdks\corretto-11.0.18\bin\jimage.dll
0x00007ffa41390000 - 0x00007ffa4139e000 	C:\Users\Admin\.jdks\corretto-11.0.18\bin\instrument.dll
0x00007ffa2a850000 - 0x00007ffa2a868000 	C:\Users\Admin\.jdks\corretto-11.0.18\bin\zip.dll
0x00007ffa4bd40000 - 0x00007ffa4c484000 	C:\Windows\System32\SHELL32.dll
0x00007ffa48390000 - 0x00007ffa48b2b000 	C:\Windows\SYSTEM32\windows.storage.dll
0x00007ffa4acb0000 - 0x00007ffa4b004000 	C:\Windows\System32\combase.dll
0x00007ffa49c90000 - 0x00007ffa49cbd000 	C:\Windows\SYSTEM32\Wldp.dll
0x00007ffa4b250000 - 0x00007ffa4b2fd000 	C:\Windows\System32\SHCORE.dll
0x00007ffa4b6e0000 - 0x00007ffa4b735000 	C:\Windows\System32\shlwapi.dll
0x00007ffa4a260000 - 0x00007ffa4a285000 	C:\Windows\SYSTEM32\profapi.dll
0x00007ffa229d0000 - 0x00007ffa229e9000 	C:\Users\Admin\.jdks\corretto-11.0.18\bin\net.dll
0x00007ffa42320000 - 0x00007ffa4242a000 	C:\Windows\SYSTEM32\WINHTTP.dll
0x00007ffa49a70000 - 0x00007ffa49ada000 	C:\Windows\system32\mswsock.dll
0x00007ffa22550000 - 0x00007ffa22563000 	C:\Users\Admin\.jdks\corretto-11.0.18\bin\nio.dll
0x00007ffa41370000 - 0x00007ffa4138a000 	C:\Program Files\JetBrains\IntelliJ IDEA Community Edition 2022.3.2\bin\breakgen64.dll
0x00007ffa49cd0000 - 0x00007ffa49ce8000 	C:\Windows\SYSTEM32\CRYPTSP.dll
0x00007ffa49350000 - 0x00007ffa49384000 	C:\Windows\system32\rsaenh.dll
0x00007ffa4a460000 - 0x00007ffa4a487000 	C:\Windows\System32\bcrypt.dll
0x00007ffa4a220000 - 0x00007ffa4a24e000 	C:\Windows\SYSTEM32\USERENV.dll
0x00007ffa49c00000 - 0x00007ffa49c0c000 	C:\Windows\SYSTEM32\CRYPTBASE.dll
0x00007ffa49730000 - 0x00007ffa4976b000 	C:\Windows\SYSTEM32\IPHLPAPI.DLL
0x00007ffa4b740000 - 0x00007ffa4b748000 	C:\Windows\System32\NSI.dll
0x00007ffa3f170000 - 0x00007ffa3f187000 	C:\Windows\SYSTEM32\dhcpcsvc6.DLL
0x00007ffa3f150000 - 0x00007ffa3f16d000 	C:\Windows\SYSTEM32\dhcpcsvc.DLL
0x00007ffa49780000 - 0x00007ffa4984a000 	C:\Windows\SYSTEM32\DNSAPI.dll
0x00007ffa41360000 - 0x00007ffa4136a000 	C:\Users\Admin\AppData\Local\Temp\jansi-1.17.1-17459683540063853465.dll

dbghelp: loaded successfully - version: 4.0.5 - missing functions: none
symbol engine: initialized successfully - sym options: 0x614 - pdb path: .;C:\Users\Admin\.jdks\corretto-11.0.18\bin;C:\Windows\SYSTEM32;C:\Windows\WinSxS\amd64_microsoft.windows.common-controls_6595b64144ccf1df_6.0.19041.3636_none_60b6a03d71f818d5;C:\Users\Admin\.jdks\corretto-11.0.18\bin\server;C:\Program Files\JetBrains\IntelliJ IDEA Community Edition 2022.3.2\bin;C:\Users\Admin\AppData\Local\Temp

VM Arguments:
jvm_args: -Dmaven.multiModuleProjectDirectory=C:\Users\Admin\javaqa\HW_INHERIT -Djansi.passthrough=true -Dmaven.home=C:\Program Files\JetBrains\IntelliJ IDEA Community Edition 2022.3.2\plugins\maven\lib\maven3 -Dclassworlds.conf=C:\Program Files\JetBrains\IntelliJ IDEA Community Edition 2022.3.2\plugins\maven\lib\maven3\bin\m2.conf -Dmaven.ext.class.path=C:\Program Files\JetBrains\IntelliJ IDEA Community Edition 2022.3.2\plugins\maven\lib\maven-event-listener.jar -javaagent:C:\Program Files\JetBrains\IntelliJ IDEA Community Edition 2022.3.2\lib\idea_rt.jar=50436:C:\Program Files\JetBrains\IntelliJ IDEA Community Edition 2022.3.2\bin -Dfile.encoding=UTF-8 
java_command: org.codehaus.classworlds.Launcher -Didea.version=2022.3.2 clean verify
java_class_path (initial): C:\Program Files\JetBrains\IntelliJ IDEA Community Edition 2022.3.2\plugins\maven\lib\maven3\boot\plexus-classworlds-2.6.0.jar;C:\Program Files\JetBrains\IntelliJ IDEA Community Edition 2022.3.2\plugins\maven\lib\maven3\boot\plexus-classworlds.license
Launcher Type: SUN_STANDARD

[Global flags]
     intx CICompilerCount                          = 3                                         {product} {ergonomic}
     uint ConcGCThreads                            = 1                                         {product} {ergonomic}
     uint G1ConcRefinementThreads                  = 4                                         {product} {ergonomic}
   size_t G1HeapRegionSize                         = 1048576                                   {product} {ergonomic}
    uintx GCDrainStackTargetSize                   = 64                                        {product} {ergonomic}
   size_t InitialHeapSize                          = 130023424                                 {product} {ergonomic}
   size_t MarkStackSize                            = 4194304                                   {product} {ergonomic}
   size_t MaxHeapSize                              = 2078277632                                {product} {ergonomic}
   size_t MaxNewSize                               = 1246756864                                {product} {ergonomic}
   size_t MinHeapDeltaBytes                        = 1048576                                   {product} {ergonomic}
    uintx NonNMethodCodeHeapSize                   = 5830732                                {pd product} {ergonomic}
    uintx NonProfiledCodeHeapSize                  = 122913754                              {pd product} {ergonomic}
    uintx ProfiledCodeHeapSize                     = 122913754                              {pd product} {ergonomic}
    uintx ReservedCodeCacheSize                    = 251658240                              {pd product} {ergonomic}
     bool SegmentedCodeCache                       = true                                      {product} {ergonomic}
     bool UseCompressedClassPointers               = true                                 {lp64_product} {ergonomic}
     bool UseCompressedOops                        = true                                 {lp64_product} {ergonomic}
     bool UseG1GC                                  = true                                      {product} {ergonomic}
     bool UseLargePagesIndividualAllocation        = false                                  {pd product} {ergonomic}

Logging:
Log output configuration:
 #0: stdout all=warning uptime,level,tags
 #1: stderr all=off uptime,level,tags

Environment Variables:
PATH=C:\Program Files\Eclipse Adoptium\jdk-11.0.17.8-hotspot\bin;C:\Windows\system32;C:\Windows;C:\Windows\System32\Wbem;C:\Windows\System32\WindowsPowerShell\v1.0\;C:\Windows\System32\OpenSSH\;C:\Program Files\Git\cmd;C:\Program Files\Docker\Docker\resources\bin;C:\Windows\system32\config\systemprofile\AppData\Local\Microsoft\WindowsApps;;C:\Users\Admin\AppData\Local\Programs\Microsoft VS Code\bin;C:\Program Files\Lens\resources\cli\bin
USERNAME=Admin
OS=Windows_NT
PROCESSOR_IDENTIFIER=Intel64 Family 6 Model 140 Stepping 1, GenuineIntel
TMP=C:\Users\Admin\AppData\Local\Temp
TEMP=C:\Users\Admin\AppData\Local\Temp



---------------  S Y S T E M  ---------------

OS: Windows 10 , 64 bit Build 19041 (10.0.19041.3636)
OS uptime: 4 days 3:23 hours
Hyper-V role detected

CPU:total 4 (initial active 4) (4 cores per cpu, 2 threads per core) family 6 model 140 stepping 1 microcode 0x86, cmov, cx8, fxsr, mmx, sse, sse2, sse3, ssse3, sse4.1, sse4.2, popcnt, avx, avx2, clmul, erms, 3dnowpref, lzcnt, ht, tsc, tscinvbit, bmi1, bmi2, adx, evex, sha, fma

Memory: 4k page, system-wide physical 7926M (449M free)
TotalPageFile size 11926M (AvailPageFile size 2M)
current process WorkingSet (physical memory assigned to process): 239M, peak: 244M
current process commit charge ("private bytes"): 306M, peak: 310M

vm_info: OpenJDK 64-Bit Server VM (11.0.18+10-LTS) for windows-amd64 JRE (11.0.18+10-LTS), built on Jan 10 2023 20:17:52 by "Administrator" with MS VC++ 15.9 (VS2017)

END.
